[19-Jun-2015 15:47:45 UTC] PHP Warning:  require_once(../../../extensions/UsabilityInitiative/WikiEditor/WikiEditor.php): failed to open stream: No such file or directory in /home/ubuntu/workspace/mw1.24/LocalSettings.php on line 149
[19-Jun-2015 15:47:45 UTC] PHP Stack trace:
[19-Jun-2015 15:47:45 UTC] PHP   1. {main}() /home/ubuntu/workspace/mw1.24/extensions/ChangyanComment/interface/userlogout.php:0
[19-Jun-2015 15:47:45 UTC] PHP   2. require() /home/ubuntu/workspace/mw1.24/extensions/ChangyanComment/interface/userlogout.php:6
[19-Jun-2015 15:47:45 UTC] PHP   3. require_once() /home/ubuntu/workspace/mw1.24/includes/WebStart.php:104
[19-Jun-2015 15:47:45 UTC] PHP Fatal error:  require_once(): Failed opening required '../../../extensions/UsabilityInitiative/WikiEditor/WikiEditor.php' (include_path='.:/usr/share/php:/usr/share/pear') in /home/ubuntu/workspace/mw1.24/LocalSettings.php on line 149
[19-Jun-2015 15:47:45 UTC] PHP Stack trace:
[19-Jun-2015 15:47:45 UTC] PHP   1. {main}() /home/ubuntu/workspace/mw1.24/extensions/ChangyanComment/interface/userlogout.php:0
[19-Jun-2015 15:47:45 UTC] PHP   2. require() /home/ubuntu/workspace/mw1.24/extensions/ChangyanComment/interface/userlogout.php:6
[19-Jun-2015 15:47:45 UTC] PHP   3. require_once() /home/ubuntu/workspace/mw1.24/includes/WebStart.php:104
[19-Jun-2015 23:24:46 UTC] PHP Warning:  require_once(/home/ubuntu/workspace/mw1.24/extensions/ChangyanComment/changyan_comment.php): failed to open stream: No such file or directory in /home/ubuntu/workspace/mw1.24/LocalSettings.php on line 137
[19-Jun-2015 23:24:46 UTC] PHP Stack trace:
[19-Jun-2015 23:24:46 UTC] PHP   1. {main}() /home/ubuntu/workspace/mw1.24/extensions/ChangyanComment/interface/userlogout.php:0
[19-Jun-2015 23:24:46 UTC] PHP   2. require() /home/ubuntu/workspace/mw1.24/extensions/ChangyanComment/interface/userlogout.php:6
[19-Jun-2015 23:24:46 UTC] PHP   3. require_once() /home/ubuntu/workspace/mw1.24/includes/WebStart.php:104
[19-Jun-2015 23:24:46 UTC] PHP Fatal error:  require_once(): Failed opening required '/home/ubuntu/workspace/mw1.24/extensions/ChangyanComment/changyan_comment.php' (include_path='.:/usr/share/php:/usr/share/pear') in /home/ubuntu/workspace/mw1.24/LocalSettings.php on line 137
[19-Jun-2015 23:24:46 UTC] PHP Stack trace:
[19-Jun-2015 23:24:46 UTC] PHP   1. {main}() /home/ubuntu/workspace/mw1.24/extensions/ChangyanComment/interface/userlogout.php:0
[19-Jun-2015 23:24:46 UTC] PHP   2. require() /home/ubuntu/workspace/mw1.24/extensions/ChangyanComment/interface/userlogout.php:6
[19-Jun-2015 23:24:46 UTC] PHP   3. require_once() /home/ubuntu/workspace/mw1.24/includes/WebStart.php:104
[19-Jun-2015 23:25:32 UTC] PHP Warning:  require_once(../../../extensions/ChangyanComment/changyan_comment.php): failed to open stream: No such file or directory in /home/ubuntu/workspace/mw1.24/LocalSettings.php on line 137
[19-Jun-2015 23:25:32 UTC] PHP Stack trace:
[19-Jun-2015 23:25:32 UTC] PHP   1. {main}() /home/ubuntu/workspace/mw1.24/extensions/ChangyanComment/interface/userinfo.php:0
[19-Jun-2015 23:25:32 UTC] PHP   2. require() /home/ubuntu/workspace/mw1.24/extensions/ChangyanComment/interface/userinfo.php:9
[19-Jun-2015 23:25:32 UTC] PHP   3. require_once() /home/ubuntu/workspace/mw1.24/includes/WebStart.php:104
[19-Jun-2015 23:25:32 UTC] PHP Fatal error:  require_once(): Failed opening required '../../../extensions/ChangyanComment/changyan_comment.php' (include_path='.:/usr/share/php:/usr/share/pear') in /home/ubuntu/workspace/mw1.24/LocalSettings.php on line 137
[19-Jun-2015 23:25:32 UTC] PHP Stack trace:
[19-Jun-2015 23:25:32 UTC] PHP   1. {main}() /home/ubuntu/workspace/mw1.24/extensions/ChangyanComment/interface/userinfo.php:0
[19-Jun-2015 23:25:32 UTC] PHP   2. require() /home/ubuntu/workspace/mw1.24/extensions/ChangyanComment/interface/userinfo.php:9
[19-Jun-2015 23:25:32 UTC] PHP   3. require_once() /home/ubuntu/workspace/mw1.24/includes/WebStart.php:104
[19-Jun-2015 23:27:30 UTC] PHP Warning:  require(/includes/profiler/ProfilerStub.php): failed to open stream: No such file or directory in /home/ubuntu/workspace/mw1.24/includes/AutoLoader.php on line 1282
[19-Jun-2015 23:27:30 UTC] PHP Stack trace:
[19-Jun-2015 23:27:30 UTC] PHP   1. {main}() /home/ubuntu/workspace/mw1.24/extensions/ChangyanComment/interface/userinfo.php:0
[19-Jun-2015 23:27:30 UTC] PHP   2. mw_head() /home/ubuntu/workspace/mw1.24/extensions/ChangyanComment/interface/userinfo.php:10
[19-Jun-2015 23:27:30 UTC] PHP   3. require() /home/ubuntu/workspace/mw1.24/extensions/ChangyanComment/interface/global.php:32
[19-Jun-2015 23:27:30 UTC] PHP   4. wfProfileIn() /home/ubuntu/workspace/mw1.24/includes/WebStart.php:77
[19-Jun-2015 23:27:30 UTC] PHP   5. Profiler::instance() /home/ubuntu/workspace/mw1.24/includes/profiler/Profiler.php:49
[19-Jun-2015 23:27:30 UTC] PHP   6. spl_autoload_call() /home/ubuntu/workspace/mw1.24/includes/profiler/Profiler.php:155
[19-Jun-2015 23:27:30 UTC] PHP   7. AutoLoader::autoload() /home/ubuntu/workspace/mw1.24/includes/profiler/Profiler.php:155
[19-Jun-2015 23:27:30 UTC] PHP Fatal error:  require(): Failed opening required '/includes/profiler/ProfilerStub.php' (include_path='.:/usr/share/php:/usr/share/pear') in /home/ubuntu/workspace/mw1.24/includes/AutoLoader.php on line 1282
[19-Jun-2015 23:27:30 UTC] PHP Stack trace:
[19-Jun-2015 23:27:30 UTC] PHP   1. {main}() /home/ubuntu/workspace/mw1.24/extensions/ChangyanComment/interface/userinfo.php:0
[19-Jun-2015 23:27:30 UTC] PHP   2. mw_head() /home/ubuntu/workspace/mw1.24/extensions/ChangyanComment/interface/userinfo.php:10
[19-Jun-2015 23:27:30 UTC] PHP   3. require() /home/ubuntu/workspace/mw1.24/extensions/ChangyanComment/interface/global.php:32
[19-Jun-2015 23:27:30 UTC] PHP   4. wfProfileIn() /home/ubuntu/workspace/mw1.24/includes/WebStart.php:77
[19-Jun-2015 23:27:30 UTC] PHP   5. Profiler::instance() /home/ubuntu/workspace/mw1.24/includes/profiler/Profiler.php:49
[19-Jun-2015 23:27:30 UTC] PHP   6. spl_autoload_call() /home/ubuntu/workspace/mw1.24/includes/profiler/Profiler.php:155
[19-Jun-2015 23:27:30 UTC] PHP   7. AutoLoader::autoload() /home/ubuntu/workspace/mw1.24/includes/profiler/Profiler.php:155
[19-Jun-2015 23:29:44 UTC] PHP Warning:  require(/includes/profiler/ProfilerStub.php): failed to open stream: No such file or directory in /home/ubuntu/workspace/mw/includes/AutoLoader.php on line 1282
[19-Jun-2015 23:29:44 UTC] PHP Stack trace:
[19-Jun-2015 23:29:44 UTC] PHP   1. {main}() /home/ubuntu/workspace/mw/extensions/ChangyanComment/interface/userinfo.php:0
[19-Jun-2015 23:29:44 UTC] PHP   2. mw_head() /home/ubuntu/workspace/mw/extensions/ChangyanComment/interface/userinfo.php:10
[19-Jun-2015 23:29:44 UTC] PHP   3. require() /home/ubuntu/workspace/mw/extensions/ChangyanComment/interface/global.php:32
[19-Jun-2015 23:29:44 UTC] PHP   4. wfProfileIn() /home/ubuntu/workspace/mw/includes/WebStart.php:77
[19-Jun-2015 23:29:44 UTC] PHP   5. Profiler::instance() /home/ubuntu/workspace/mw/includes/profiler/Profiler.php:49
[19-Jun-2015 23:29:44 UTC] PHP   6. spl_autoload_call() /home/ubuntu/workspace/mw/includes/profiler/Profiler.php:155
[19-Jun-2015 23:29:44 UTC] PHP   7. AutoLoader::autoload() /home/ubuntu/workspace/mw/includes/profiler/Profiler.php:155
[19-Jun-2015 23:29:44 UTC] PHP Fatal error:  require(): Failed opening required '/includes/profiler/ProfilerStub.php' (include_path='.:/usr/share/php:/usr/share/pear') in /home/ubuntu/workspace/mw/includes/AutoLoader.php on line 1282
[19-Jun-2015 23:29:44 UTC] PHP Stack trace:
[19-Jun-2015 23:29:44 UTC] PHP   1. {main}() /home/ubuntu/workspace/mw/extensions/ChangyanComment/interface/userinfo.php:0
[19-Jun-2015 23:29:44 UTC] PHP   2. mw_head() /home/ubuntu/workspace/mw/extensions/ChangyanComment/interface/userinfo.php:10
[19-Jun-2015 23:29:44 UTC] PHP   3. require() /home/ubuntu/workspace/mw/extensions/ChangyanComment/interface/global.php:32
[19-Jun-2015 23:29:44 UTC] PHP   4. wfProfileIn() /home/ubuntu/workspace/mw/includes/WebStart.php:77
[19-Jun-2015 23:29:44 UTC] PHP   5. Profiler::instance() /home/ubuntu/workspace/mw/includes/profiler/Profiler.php:49
[19-Jun-2015 23:29:44 UTC] PHP   6. spl_autoload_call() /home/ubuntu/workspace/mw/includes/profiler/Profiler.php:155
[19-Jun-2015 23:29:44 UTC] PHP   7. AutoLoader::autoload() /home/ubuntu/workspace/mw/includes/profiler/Profiler.php:155
[19-Jun-2015 23:41:12 UTC] PHP Warning:  require(/includes/profiler/ProfilerStub.php): failed to open stream: No such file or directory in /home/ubuntu/workspace/mw/includes/AutoLoader.php on line 1283
[19-Jun-2015 23:41:12 UTC] PHP Stack trace:
[19-Jun-2015 23:41:12 UTC] PHP   1. {main}() /home/ubuntu/workspace/mw/extensions/ChangyanComment/interface/userinfo.php:0
[19-Jun-2015 23:41:12 UTC] PHP   2. mw_head() /home/ubuntu/workspace/mw/extensions/ChangyanComment/interface/userinfo.php:10
[19-Jun-2015 23:41:12 UTC] PHP   3. require() /home/ubuntu/workspace/mw/extensions/ChangyanComment/interface/global.php:32
[19-Jun-2015 23:41:12 UTC] PHP   4. wfProfileIn() /home/ubuntu/workspace/mw/includes/WebStart.php:77
[19-Jun-2015 23:41:12 UTC] PHP   5. Profiler::instance() /home/ubuntu/workspace/mw/includes/profiler/Profiler.php:49
[19-Jun-2015 23:41:12 UTC] PHP   6. spl_autoload_call() /home/ubuntu/workspace/mw/includes/profiler/Profiler.php:155
[19-Jun-2015 23:41:12 UTC] PHP   7. AutoLoader::autoload() /home/ubuntu/workspace/mw/includes/profiler/Profiler.php:155
[19-Jun-2015 23:41:12 UTC] PHP Fatal error:  require(): Failed opening required '/includes/profiler/ProfilerStub.php' (include_path='.:/usr/share/php:/usr/share/pear') in /home/ubuntu/workspace/mw/includes/AutoLoader.php on line 1283
[19-Jun-2015 23:41:12 UTC] PHP Stack trace:
[19-Jun-2015 23:41:12 UTC] PHP   1. {main}() /home/ubuntu/workspace/mw/extensions/ChangyanComment/interface/userinfo.php:0
[19-Jun-2015 23:41:12 UTC] PHP   2. mw_head() /home/ubuntu/workspace/mw/extensions/ChangyanComment/interface/userinfo.php:10
[19-Jun-2015 23:41:12 UTC] PHP   3. require() /home/ubuntu/workspace/mw/extensions/ChangyanComment/interface/global.php:32
[19-Jun-2015 23:41:12 UTC] PHP   4. wfProfileIn() /home/ubuntu/workspace/mw/includes/WebStart.php:77
[19-Jun-2015 23:41:12 UTC] PHP   5. Profiler::instance() /home/ubuntu/workspace/mw/includes/profiler/Profiler.php:49
[19-Jun-2015 23:41:12 UTC] PHP   6. spl_autoload_call() /home/ubuntu/workspace/mw/includes/profiler/Profiler.php:155
[19-Jun-2015 23:41:12 UTC] PHP   7. AutoLoader::autoload() /home/ubuntu/workspace/mw/includes/profiler/Profiler.php:155
[19-Jun-2015 23:43:43 UTC] PHP Warning:  require(/includes/profiler/ProfilerStub.php): failed to open stream: No such file or directory in /home/ubuntu/workspace/mw/includes/AutoLoader.php on line 1283
[19-Jun-2015 23:43:43 UTC] PHP Stack trace:
[19-Jun-2015 23:43:43 UTC] PHP   1. {main}() /home/ubuntu/workspace/mw/extensions/ChangyanComment/interface/userinfo.php:0
[19-Jun-2015 23:43:43 UTC] PHP   2. mw_head() /home/ubuntu/workspace/mw/extensions/ChangyanComment/interface/userinfo.php:10
[19-Jun-2015 23:43:43 UTC] PHP   3. require() /home/ubuntu/workspace/mw/extensions/ChangyanComment/interface/global.php:32
[19-Jun-2015 23:43:43 UTC] PHP   4. wfProfileIn() /home/ubuntu/workspace/mw/includes/WebStart.php:78
[19-Jun-2015 23:43:43 UTC] PHP   5. Profiler::instance() /home/ubuntu/workspace/mw/includes/profiler/Profiler.php:49
[19-Jun-2015 23:43:43 UTC] PHP   6. spl_autoload_call() /home/ubuntu/workspace/mw/includes/profiler/Profiler.php:155
[19-Jun-2015 23:43:43 UTC] PHP   7. AutoLoader::autoload() /home/ubuntu/workspace/mw/includes/profiler/Profiler.php:155
[19-Jun-2015 23:43:43 UTC] PHP Fatal error:  require(): Failed opening required '/includes/profiler/ProfilerStub.php' (include_path='.:/usr/share/php:/usr/share/pear') in /home/ubuntu/workspace/mw/includes/AutoLoader.php on line 1283
[19-Jun-2015 23:43:43 UTC] PHP Stack trace:
[19-Jun-2015 23:43:43 UTC] PHP   1. {main}() /home/ubuntu/workspace/mw/extensions/ChangyanComment/interface/userinfo.php:0
[19-Jun-2015 23:43:43 UTC] PHP   2. mw_head() /home/ubuntu/workspace/mw/extensions/ChangyanComment/interface/userinfo.php:10
[19-Jun-2015 23:43:43 UTC] PHP   3. require() /home/ubuntu/workspace/mw/extensions/ChangyanComment/interface/global.php:32
[19-Jun-2015 23:43:43 UTC] PHP   4. wfProfileIn() /home/ubuntu/workspace/mw/includes/WebStart.php:78
[19-Jun-2015 23:43:43 UTC] PHP   5. Profiler::instance() /home/ubuntu/workspace/mw/includes/profiler/Profiler.php:49
[19-Jun-2015 23:43:43 UTC] PHP   6. spl_autoload_call() /home/ubuntu/workspace/mw/includes/profiler/Profiler.php:155
[19-Jun-2015 23:43:43 UTC] PHP   7. AutoLoader::autoload() /home/ubuntu/workspace/mw/includes/profiler/Profiler.php:155
[19-Jun-2015 23:45:06 UTC] PHP Warning:  require(/includes/profiler/ProfilerStub.php): failed to open stream: No such file or directory in /home/ubuntu/workspace/mw/includes/AutoLoader.php on line 1283
[19-Jun-2015 23:45:06 UTC] PHP Stack trace:
[19-Jun-2015 23:45:06 UTC] PHP   1. {main}() /home/ubuntu/workspace/mw/extensions/ChangyanComment/interface/userinfo.php:0
[19-Jun-2015 23:45:06 UTC] PHP   2. mw_head() /home/ubuntu/workspace/mw/extensions/ChangyanComment/interface/userinfo.php:10
[19-Jun-2015 23:45:06 UTC] PHP   3. require() /home/ubuntu/workspace/mw/extensions/ChangyanComment/interface/global.php:32
[19-Jun-2015 23:45:06 UTC] PHP   4. wfProfileIn() /home/ubuntu/workspace/mw/includes/WebStart.php:78
[19-Jun-2015 23:45:06 UTC] PHP   5. Profiler::instance() /home/ubuntu/workspace/mw/includes/profiler/Profiler.php:49
[19-Jun-2015 23:45:06 UTC] PHP   6. spl_autoload_call() /home/ubuntu/workspace/mw/includes/profiler/Profiler.php:155
[19-Jun-2015 23:45:06 UTC] PHP   7. AutoLoader::autoload() /home/ubuntu/workspace/mw/includes/profiler/Profiler.php:155
[19-Jun-2015 23:45:06 UTC] PHP Fatal error:  require(): Failed opening required '/includes/profiler/ProfilerStub.php' (include_path='.:/usr/share/php:/usr/share/pear') in /home/ubuntu/workspace/mw/includes/AutoLoader.php on line 1283
[19-Jun-2015 23:45:06 UTC] PHP Stack trace:
[19-Jun-2015 23:45:06 UTC] PHP   1. {main}() /home/ubuntu/workspace/mw/extensions/ChangyanComment/interface/userinfo.php:0
[19-Jun-2015 23:45:06 UTC] PHP   2. mw_head() /home/ubuntu/workspace/mw/extensions/ChangyanComment/interface/userinfo.php:10
[19-Jun-2015 23:45:06 UTC] PHP   3. require() /home/ubuntu/workspace/mw/extensions/ChangyanComment/interface/global.php:32
[19-Jun-2015 23:45:06 UTC] PHP   4. wfProfileIn() /home/ubuntu/workspace/mw/includes/WebStart.php:78
[19-Jun-2015 23:45:06 UTC] PHP   5. Profiler::instance() /home/ubuntu/workspace/mw/includes/profiler/Profiler.php:49
[19-Jun-2015 23:45:06 UTC] PHP   6. spl_autoload_call() /home/ubuntu/workspace/mw/includes/profiler/Profiler.php:155
[19-Jun-2015 23:45:06 UTC] PHP   7. AutoLoader::autoload() /home/ubuntu/workspace/mw/includes/profiler/Profiler.php:155
[19-Jun-2015 23:46:50 UTC] PHP Warning:  require(/includes/profiler/ProfilerStub.php): failed to open stream: No such file or directory in /home/ubuntu/workspace/mw/includes/AutoLoader.php on line 1283
[19-Jun-2015 23:46:50 UTC] PHP Stack trace:
[19-Jun-2015 23:46:50 UTC] PHP   1. {main}() /home/ubuntu/workspace/mw/extensions/ChangyanComment/interface/userinfo.php:0
[19-Jun-2015 23:46:50 UTC] PHP   2. mw_head() /home/ubuntu/workspace/mw/extensions/ChangyanComment/interface/userinfo.php:10
[19-Jun-2015 23:46:50 UTC] PHP   3. require() /home/ubuntu/workspace/mw/extensions/ChangyanComment/interface/global.php:32
[19-Jun-2015 23:46:50 UTC] PHP   4. wfProfileIn() /home/ubuntu/workspace/mw/includes/WebStart.php:78
[19-Jun-2015 23:46:50 UTC] PHP   5. Profiler::instance() /home/ubuntu/workspace/mw/includes/profiler/Profiler.php:49
[19-Jun-2015 23:46:50 UTC] PHP   6. spl_autoload_call() /home/ubuntu/workspace/mw/includes/profiler/Profiler.php:155
[19-Jun-2015 23:46:50 UTC] PHP   7. AutoLoader::autoload() /home/ubuntu/workspace/mw/includes/profiler/Profiler.php:155
[19-Jun-2015 23:46:50 UTC] PHP Fatal error:  require(): Failed opening required '/includes/profiler/ProfilerStub.php' (include_path='.:/usr/share/php:/usr/share/pear') in /home/ubuntu/workspace/mw/includes/AutoLoader.php on line 1283
[19-Jun-2015 23:46:50 UTC] PHP Stack trace:
[19-Jun-2015 23:46:50 UTC] PHP   1. {main}() /home/ubuntu/workspace/mw/extensions/ChangyanComment/interface/userinfo.php:0
[19-Jun-2015 23:46:50 UTC] PHP   2. mw_head() /home/ubuntu/workspace/mw/extensions/ChangyanComment/interface/userinfo.php:10
[19-Jun-2015 23:46:50 UTC] PHP   3. require() /home/ubuntu/workspace/mw/extensions/ChangyanComment/interface/global.php:32
[19-Jun-2015 23:46:50 UTC] PHP   4. wfProfileIn() /home/ubuntu/workspace/mw/includes/WebStart.php:78
[19-Jun-2015 23:46:50 UTC] PHP   5. Profiler::instance() /home/ubuntu/workspace/mw/includes/profiler/Profiler.php:49
[19-Jun-2015 23:46:50 UTC] PHP   6. spl_autoload_call() /home/ubuntu/workspace/mw/includes/profiler/Profiler.php:155
[19-Jun-2015 23:46:50 UTC] PHP   7. AutoLoader::autoload() /home/ubuntu/workspace/mw/includes/profiler/Profiler.php:155
[20-Jun-2015 00:02:36 UTC] PHP Fatal error:  Call to undefined function mw_foot() in /home/ubuntu/workspace/mw/extensions/ChangyanComment/interface/userinfo.php on line 60
[20-Jun-2015 00:02:36 UTC] PHP Stack trace:
[20-Jun-2015 00:02:36 UTC] PHP   1. {main}() /home/ubuntu/workspace/mw/extensions/ChangyanComment/interface/userinfo.php:0
[20-Jun-2015 00:04:34 UTC] PHP Warning:  require(/includes/profiler/ProfilerStub.php): failed to open stream: No such file or directory in /home/ubuntu/workspace/mw/includes/AutoLoader.php on line 1283
[20-Jun-2015 00:04:34 UTC] PHP Stack trace:
[20-Jun-2015 00:04:34 UTC] PHP   1. {main}() /home/ubuntu/workspace/mw/extensions/ChangyanComment/interface/userinfo.php:0
[20-Jun-2015 00:04:34 UTC] PHP   2. mw_head() /home/ubuntu/workspace/mw/extensions/ChangyanComment/interface/userinfo.php:19
[20-Jun-2015 00:04:34 UTC] PHP   3. require() /home/ubuntu/workspace/mw/extensions/ChangyanComment/interface/global.php:32
[20-Jun-2015 00:04:34 UTC] PHP   4. wfProfileIn() /home/ubuntu/workspace/mw/includes/WebStart.php:78
[20-Jun-2015 00:04:34 UTC] PHP   5. Profiler::instance() /home/ubuntu/workspace/mw/includes/profiler/Profiler.php:49
[20-Jun-2015 00:04:34 UTC] PHP   6. spl_autoload_call() /home/ubuntu/workspace/mw/includes/profiler/Profiler.php:155
[20-Jun-2015 00:04:34 UTC] PHP   7. AutoLoader::autoload() /home/ubuntu/workspace/mw/includes/profiler/Profiler.php:155
[20-Jun-2015 00:04:34 UTC] PHP Fatal error:  require(): Failed opening required '/includes/profiler/ProfilerStub.php' (include_path='.:/usr/share/php:/usr/share/pear') in /home/ubuntu/workspace/mw/includes/AutoLoader.php on line 1283
[20-Jun-2015 00:04:34 UTC] PHP Stack trace:
[20-Jun-2015 00:04:34 UTC] PHP   1. {main}() /home/ubuntu/workspace/mw/extensions/ChangyanComment/interface/userinfo.php:0
[20-Jun-2015 00:04:34 UTC] PHP   2. mw_head() /home/ubuntu/workspace/mw/extensions/ChangyanComment/interface/userinfo.php:19
[20-Jun-2015 00:04:34 UTC] PHP   3. require() /home/ubuntu/workspace/mw/extensions/ChangyanComment/interface/global.php:32
[20-Jun-2015 00:04:34 UTC] PHP   4. wfProfileIn() /home/ubuntu/workspace/mw/includes/WebStart.php:78
[20-Jun-2015 00:04:34 UTC] PHP   5. Profiler::instance() /home/ubuntu/workspace/mw/includes/profiler/Profiler.php:49
[20-Jun-2015 00:04:34 UTC] PHP   6. spl_autoload_call() /home/ubuntu/workspace/mw/includes/profiler/Profiler.php:155
[20-Jun-2015 00:04:34 UTC] PHP   7. AutoLoader::autoload() /home/ubuntu/workspace/mw/includes/profiler/Profiler.php:155
[20-Jun-2015 00:05:33 UTC] PHP Warning:  require(/includes/profiler/ProfilerStub.php): failed to open stream: No such file or directory in /home/ubuntu/workspace/mw/includes/AutoLoader.php on line 1283
[20-Jun-2015 00:05:33 UTC] PHP Stack trace:
[20-Jun-2015 00:05:33 UTC] PHP   1. {main}() /home/ubuntu/workspace/mw/extensions/ChangyanComment/interface/userinfo.php:0
[20-Jun-2015 00:05:33 UTC] PHP   2. mw_head() /home/ubuntu/workspace/mw/extensions/ChangyanComment/interface/userinfo.php:19
[20-Jun-2015 00:05:33 UTC] PHP   3. require() /home/ubuntu/workspace/mw/extensions/ChangyanComment/interface/global.php:32
[20-Jun-2015 00:05:33 UTC] PHP   4. wfProfileIn() /home/ubuntu/workspace/mw/includes/WebStart.php:78
[20-Jun-2015 00:05:33 UTC] PHP   5. Profiler::instance() /home/ubuntu/workspace/mw/includes/profiler/Profiler.php:49
[20-Jun-2015 00:05:33 UTC] PHP   6. spl_autoload_call() /home/ubuntu/workspace/mw/includes/profiler/Profiler.php:155
[20-Jun-2015 00:05:33 UTC] PHP   7. AutoLoader::autoload() /home/ubuntu/workspace/mw/includes/profiler/Profiler.php:155
[20-Jun-2015 00:05:33 UTC] PHP Fatal error:  require(): Failed opening required '/includes/profiler/ProfilerStub.php' (include_path='.:/usr/share/php:/usr/share/pear') in /home/ubuntu/workspace/mw/includes/AutoLoader.php on line 1283
[20-Jun-2015 00:05:33 UTC] PHP Stack trace:
[20-Jun-2015 00:05:33 UTC] PHP   1. {main}() /home/ubuntu/workspace/mw/extensions/ChangyanComment/interface/userinfo.php:0
[20-Jun-2015 00:05:33 UTC] PHP   2. mw_head() /home/ubuntu/workspace/mw/extensions/ChangyanComment/interface/userinfo.php:19
[20-Jun-2015 00:05:33 UTC] PHP   3. require() /home/ubuntu/workspace/mw/extensions/ChangyanComment/interface/global.php:32
[20-Jun-2015 00:05:33 UTC] PHP   4. wfProfileIn() /home/ubuntu/workspace/mw/includes/WebStart.php:78
[20-Jun-2015 00:05:33 UTC] PHP   5. Profiler::instance() /home/ubuntu/workspace/mw/includes/profiler/Profiler.php:49
[20-Jun-2015 00:05:33 UTC] PHP   6. spl_autoload_call() /home/ubuntu/workspace/mw/includes/profiler/Profiler.php:155
[20-Jun-2015 00:05:33 UTC] PHP   7. AutoLoader::autoload() /home/ubuntu/workspace/mw/includes/profiler/Profiler.php:155
[20-Jun-2015 00:06:23 UTC] PHP Fatal error:  Call to undefined function mw_foot() in /home/ubuntu/workspace/mw/extensions/ChangyanComment/interface/userinfo.php on line 62
[20-Jun-2015 00:06:23 UTC] PHP Stack trace:
[20-Jun-2015 00:06:23 UTC] PHP   1. {main}() /home/ubuntu/workspace/mw/extensions/ChangyanComment/interface/userinfo.php:0
[20-Jun-2015 00:17:42 UTC] PHP Fatal error:  Call to undefined function mw_foot() in /home/ubuntu/workspace/mw/extensions/ChangyanComment/interface/userinfo.php on line 62
[20-Jun-2015 00:17:42 UTC] PHP Stack trace:
[20-Jun-2015 00:17:42 UTC] PHP   1. {main}() /home/ubuntu/workspace/mw/extensions/ChangyanComment/interface/userinfo.php:0
[20-Jun-2015 00:18:11 UTC] PHP Warning:  require(/includes/profiler/ProfilerStub.php): failed to open stream: No such file or directory in /home/ubuntu/workspace/mw/includes/AutoLoader.php on line 1283
[20-Jun-2015 00:18:11 UTC] PHP Stack trace:
[20-Jun-2015 00:18:11 UTC] PHP   1. {main}() /home/ubuntu/workspace/mw/extensions/ChangyanComment/interface/userinfo.php:0
[20-Jun-2015 00:18:11 UTC] PHP   2. mw_head() /home/ubuntu/workspace/mw/extensions/ChangyanComment/interface/userinfo.php:20
[20-Jun-2015 00:18:11 UTC] PHP   3. require() /home/ubuntu/workspace/mw/extensions/ChangyanComment/interface/global.php:32
[20-Jun-2015 00:18:11 UTC] PHP   4. wfProfileIn() /home/ubuntu/workspace/mw/includes/WebStart.php:78
[20-Jun-2015 00:18:11 UTC] PHP   5. Profiler::instance() /home/ubuntu/workspace/mw/includes/profiler/Profiler.php:49
[20-Jun-2015 00:18:11 UTC] PHP   6. spl_autoload_call() /home/ubuntu/workspace/mw/includes/profiler/Profiler.php:155
[20-Jun-2015 00:18:11 UTC] PHP   7. AutoLoader::autoload() /home/ubuntu/workspace/mw/includes/profiler/Profiler.php:155
[20-Jun-2015 00:18:11 UTC] PHP Fatal error:  require(): Failed opening required '/includes/profiler/ProfilerStub.php' (include_path='.:/usr/share/php:/usr/share/pear') in /home/ubuntu/workspace/mw/includes/AutoLoader.php on line 1283
[20-Jun-2015 00:18:11 UTC] PHP Stack trace:
[20-Jun-2015 00:18:11 UTC] PHP   1. {main}() /home/ubuntu/workspace/mw/extensions/ChangyanComment/interface/userinfo.php:0
[20-Jun-2015 00:18:11 UTC] PHP   2. mw_head() /home/ubuntu/workspace/mw/extensions/ChangyanComment/interface/userinfo.php:20
[20-Jun-2015 00:18:11 UTC] PHP   3. require() /home/ubuntu/workspace/mw/extensions/ChangyanComment/interface/global.php:32
[20-Jun-2015 00:18:11 UTC] PHP   4. wfProfileIn() /home/ubuntu/workspace/mw/includes/WebStart.php:78
[20-Jun-2015 00:18:11 UTC] PHP   5. Profiler::instance() /home/ubuntu/workspace/mw/includes/profiler/Profiler.php:49
[20-Jun-2015 00:18:11 UTC] PHP   6. spl_autoload_call() /home/ubuntu/workspace/mw/includes/profiler/Profiler.php:155
[20-Jun-2015 00:18:11 UTC] PHP   7. AutoLoader::autoload() /home/ubuntu/workspace/mw/includes/profiler/Profiler.php:155
[20-Jun-2015 00:18:35 UTC] PHP Warning:  require(/includes/profiler/ProfilerStub.php): failed to open stream: No such file or directory in /home/ubuntu/workspace/mw/includes/AutoLoader.php on line 1283
[20-Jun-2015 00:18:35 UTC] PHP Stack trace:
[20-Jun-2015 00:18:35 UTC] PHP   1. {main}() /home/ubuntu/workspace/mw/extensions/ChangyanComment/interface/userinfo.php:0
[20-Jun-2015 00:18:35 UTC] PHP   2. mw_head() /home/ubuntu/workspace/mw/extensions/ChangyanComment/interface/userinfo.php:20
[20-Jun-2015 00:18:35 UTC] PHP   3. require() /home/ubuntu/workspace/mw/extensions/ChangyanComment/interface/global.php:32
[20-Jun-2015 00:18:35 UTC] PHP   4. wfProfileIn() /home/ubuntu/workspace/mw/includes/WebStart.php:78
[20-Jun-2015 00:18:35 UTC] PHP   5. Profiler::instance() /home/ubuntu/workspace/mw/includes/profiler/Profiler.php:49
[20-Jun-2015 00:18:35 UTC] PHP   6. spl_autoload_call() /home/ubuntu/workspace/mw/includes/profiler/Profiler.php:155
[20-Jun-2015 00:18:35 UTC] PHP   7. AutoLoader::autoload() /home/ubuntu/workspace/mw/includes/profiler/Profiler.php:155
[20-Jun-2015 00:18:35 UTC] PHP Fatal error:  require(): Failed opening required '/includes/profiler/ProfilerStub.php' (include_path='.:/usr/share/php:/usr/share/pear') in /home/ubuntu/workspace/mw/includes/AutoLoader.php on line 1283
[20-Jun-2015 00:18:35 UTC] PHP Stack trace:
[20-Jun-2015 00:18:35 UTC] PHP   1. {main}() /home/ubuntu/workspace/mw/extensions/ChangyanComment/interface/userinfo.php:0
[20-Jun-2015 00:18:35 UTC] PHP   2. mw_head() /home/ubuntu/workspace/mw/extensions/ChangyanComment/interface/userinfo.php:20
[20-Jun-2015 00:18:35 UTC] PHP   3. require() /home/ubuntu/workspace/mw/extensions/ChangyanComment/interface/global.php:32
[20-Jun-2015 00:18:35 UTC] PHP   4. wfProfileIn() /home/ubuntu/workspace/mw/includes/WebStart.php:78
[20-Jun-2015 00:18:35 UTC] PHP   5. Profiler::instance() /home/ubuntu/workspace/mw/includes/profiler/Profiler.php:49
[20-Jun-2015 00:18:35 UTC] PHP   6. spl_autoload_call() /home/ubuntu/workspace/mw/includes/profiler/Profiler.php:155
[20-Jun-2015 00:18:35 UTC] PHP   7. AutoLoader::autoload() /home/ubuntu/workspace/mw/includes/profiler/Profiler.php:155
[20-Jun-2015 00:19:12 UTC] PHP Warning:  require(/includes/profiler/ProfilerStub.php): failed to open stream: No such file or directory in /home/ubuntu/workspace/mw/includes/AutoLoader.php on line 1283
[20-Jun-2015 00:19:12 UTC] PHP Stack trace:
[20-Jun-2015 00:19:12 UTC] PHP   1. {main}() /home/ubuntu/workspace/mw/extensions/ChangyanComment/interface/userinfo.php:0
[20-Jun-2015 00:19:12 UTC] PHP   2. mw_head() /home/ubuntu/workspace/mw/extensions/ChangyanComment/interface/userinfo.php:20
[20-Jun-2015 00:19:12 UTC] PHP   3. require() /home/ubuntu/workspace/mw/extensions/ChangyanComment/interface/global.php:27
[20-Jun-2015 00:19:12 UTC] PHP   4. wfProfileIn() /home/ubuntu/workspace/mw/includes/WebStart.php:78
[20-Jun-2015 00:19:12 UTC] PHP   5. Profiler::instance() /home/ubuntu/workspace/mw/includes/profiler/Profiler.php:49
[20-Jun-2015 00:19:12 UTC] PHP   6. spl_autoload_call() /home/ubuntu/workspace/mw/includes/profiler/Profiler.php:155
[20-Jun-2015 00:19:12 UTC] PHP   7. AutoLoader::autoload() /home/ubuntu/workspace/mw/includes/profiler/Profiler.php:155
[20-Jun-2015 00:19:12 UTC] PHP Fatal error:  require(): Failed opening required '/includes/profiler/ProfilerStub.php' (include_path='.:/usr/share/php:/usr/share/pear') in /home/ubuntu/workspace/mw/includes/AutoLoader.php on line 1283
[20-Jun-2015 00:19:12 UTC] PHP Stack trace:
[20-Jun-2015 00:19:12 UTC] PHP   1. {main}() /home/ubuntu/workspace/mw/extensions/ChangyanComment/interface/userinfo.php:0
[20-Jun-2015 00:19:12 UTC] PHP   2. mw_head() /home/ubuntu/workspace/mw/extensions/ChangyanComment/interface/userinfo.php:20
[20-Jun-2015 00:19:12 UTC] PHP   3. require() /home/ubuntu/workspace/mw/extensions/ChangyanComment/interface/global.php:27
[20-Jun-2015 00:19:12 UTC] PHP   4. wfProfileIn() /home/ubuntu/workspace/mw/includes/WebStart.php:78
[20-Jun-2015 00:19:12 UTC] PHP   5. Profiler::instance() /home/ubuntu/workspace/mw/includes/profiler/Profiler.php:49
[20-Jun-2015 00:19:12 UTC] PHP   6. spl_autoload_call() /home/ubuntu/workspace/mw/includes/profiler/Profiler.php:155
[20-Jun-2015 00:19:12 UTC] PHP   7. AutoLoader::autoload() /home/ubuntu/workspace/mw/includes/profiler/Profiler.php:155
[20-Jun-2015 00:19:58 UTC] PHP Parse error:  syntax error, unexpected end of file in /home/ubuntu/workspace/mw/extensions/ChangyanComment/interface/global.php on line 70
[20-Jun-2015 00:19:58 UTC] PHP Stack trace:
[20-Jun-2015 00:19:58 UTC] PHP   1. {main}() /home/ubuntu/workspace/mw/extensions/ChangyanComment/interface/userinfo.php:0
[20-Jun-2015 00:24:21 UTC] PHP Warning:  require(/includes/profiler/ProfilerStub.php): failed to open stream: No such file or directory in /home/ubuntu/workspace/mw/includes/AutoLoader.php on line 1283
[20-Jun-2015 00:24:21 UTC] PHP Stack trace:
[20-Jun-2015 00:24:21 UTC] PHP   1. {main}() /home/ubuntu/workspace/mw/extensions/ChangyanComment/interface/userinfo.php:0
[20-Jun-2015 00:24:21 UTC] PHP   2. mw_head() /home/ubuntu/workspace/mw/extensions/ChangyanComment/interface/userinfo.php:20
[20-Jun-2015 00:24:21 UTC] PHP   3. require() /home/ubuntu/workspace/mw/extensions/ChangyanComment/interface/global.php:35
[20-Jun-2015 00:24:21 UTC] PHP   4. wfProfileIn() /home/ubuntu/workspace/mw/includes/WebStart.php:78
[20-Jun-2015 00:24:21 UTC] PHP   5. Profiler::instance() /home/ubuntu/workspace/mw/includes/profiler/Profiler.php:49
[20-Jun-2015 00:24:21 UTC] PHP   6. spl_autoload_call() /home/ubuntu/workspace/mw/includes/profiler/Profiler.php:155
[20-Jun-2015 00:24:21 UTC] PHP   7. AutoLoader::autoload() /home/ubuntu/workspace/mw/includes/profiler/Profiler.php:155
[20-Jun-2015 00:24:21 UTC] PHP Fatal error:  require(): Failed opening required '/includes/profiler/ProfilerStub.php' (include_path='.:/usr/share/php:/usr/share/pear') in /home/ubuntu/workspace/mw/includes/AutoLoader.php on line 1283
[20-Jun-2015 00:24:21 UTC] PHP Stack trace:
[20-Jun-2015 00:24:21 UTC] PHP   1. {main}() /home/ubuntu/workspace/mw/extensions/ChangyanComment/interface/userinfo.php:0
[20-Jun-2015 00:24:21 UTC] PHP   2. mw_head() /home/ubuntu/workspace/mw/extensions/ChangyanComment/interface/userinfo.php:20
[20-Jun-2015 00:24:21 UTC] PHP   3. require() /home/ubuntu/workspace/mw/extensions/ChangyanComment/interface/global.php:35
[20-Jun-2015 00:24:21 UTC] PHP   4. wfProfileIn() /home/ubuntu/workspace/mw/includes/WebStart.php:78
[20-Jun-2015 00:24:21 UTC] PHP   5. Profiler::instance() /home/ubuntu/workspace/mw/includes/profiler/Profiler.php:49
[20-Jun-2015 00:24:21 UTC] PHP   6. spl_autoload_call() /home/ubuntu/workspace/mw/includes/profiler/Profiler.php:155
[20-Jun-2015 00:24:21 UTC] PHP   7. AutoLoader::autoload() /home/ubuntu/workspace/mw/includes/profiler/Profiler.php:155
[20-Jun-2015 00:29:29 UTC] PHP Fatal error:  Call to undefined function mw_head() in /home/ubuntu/workspace/mw/extensions/ChangyanComment/interface/userinfo.php on line 20
[20-Jun-2015 00:29:29 UTC] PHP Stack trace:
[20-Jun-2015 00:29:29 UTC] PHP   1. {main}() /home/ubuntu/workspace/mw/extensions/ChangyanComment/interface/userinfo.php:0
[20-Jun-2015 01:47:01 UTC] PHP Warning:  require(/includes/WebStart.php): failed to open stream: No such file or directory in /home/ubuntu/workspace/mw/extensions/ChangyanComment/interface/global.php on line 34
[20-Jun-2015 01:47:01 UTC] PHP Stack trace:
[20-Jun-2015 01:47:01 UTC] PHP   1. {main}() /home/ubuntu/workspace/mw/extensions/ChangyanComment/interface/userinfo.php:0
[20-Jun-2015 01:47:01 UTC] PHP   2. include() /home/ubuntu/workspace/mw/extensions/ChangyanComment/interface/userinfo.php:18
[20-Jun-2015 01:47:01 UTC] PHP Fatal error:  require(): Failed opening required '/includes/WebStart.php' (include_path='.:/usr/share/php:/usr/share/pear') in /home/ubuntu/workspace/mw/extensions/ChangyanComment/interface/global.php on line 34
[20-Jun-2015 01:47:01 UTC] PHP Stack trace:
[20-Jun-2015 01:47:01 UTC] PHP   1. {main}() /home/ubuntu/workspace/mw/extensions/ChangyanComment/interface/userinfo.php:0
[20-Jun-2015 01:47:01 UTC] PHP   2. include() /home/ubuntu/workspace/mw/extensions/ChangyanComment/interface/userinfo.php:18
